

HI-TECH Software PIC Macro Assembler V9.83 build 10920 
                                                                                                           Thu Nov 20 21:28:38 2014


     1                           
     2                           	; HI-TECH C Compiler for PIC10/12/16 MCUs V9.83
     3                           	; Copyright (C) 1984-2011 HI-TECH Software
     4                           	;Serial no. HCPICP-123456
     5                           
     6                           	; Auto-generated runtime startup code for final link stage.
     7                           
     8                           	;
     9                           	; Compiler options:
    10                           	;
    11                           	; -oNEC_IR_Rec_UART_out.cof -mNEC_IR_Rec_UART_out.map --summary=default \
    12                           	; --output=default main.p1 --chip=12F675 -P --runtime=default \
    13                           	; --opt=default -D__DEBUG=1 -g --asmlist \
    14                           	; --errformat=Error   [%n] %f; %l.%c %s --msgformat=Advisory[%n] %s \
    15                           	; --warnformat=Warning [%n] %f; %l.%c %s
    16                           	;
    17                           
    18                           
    19                           	processor	12F675
    20                           
    21                           	global	_main,start,_exit,reset_vec
    22                           	fnroot	_main
    23                           	psect	config,class=CONFIG,delta=2
    24                           	psect	idloc,class=IDLOC,delta=2
    25                           	psect	code,class=CODE,delta=2
    26                           	psect	powerup,class=CODE,delta=2
    27                           	psect	reset_vec,class=CODE,delta=2
    28                           	psect	maintext,class=CODE,delta=2
    29  0000                     	C	set	0
    30  0002                     	Z	set	2
    31  0002                     	PCL	set	2
    32  0000                     	INDF	set	0
    33                           
    34  0090                     	OSCCAL	equ	0x90
    35                           	psect	osccal,class=CODE,delta=2
    36                           global ___osccal_val
    37  03FF                     ___osccal_val:
    38                           	;oscillator constant would be pre-programmed here
    39  0003                     	STATUS	equ	3
    40  000A                     	PCLATH	equ	0Ah
    41                           
    42                           	psect	eeprom_data,class=EEDATA,delta=2,space=2
    43                           	psect	intentry,class=CODE,delta=2
    44                           	psect	functab,class=CODE,delta=2
    45                           	global	intlevel0,intlevel1,intlevel2, intlevel3, intlevel4, intlevel5
    46  0000                     intlevel0:
    47  0000                     intlevel1:
    48  0000                     intlevel2:
    49  0000                     intlevel3:
    50  0000                     intlevel4:
    51  0000                     intlevel5:
    52                           	psect	init,class=CODE,delta=2
    53                           	psect	cinit,class=CODE,delta=2
    54                           	psect	text,class=CODE,delta=2
    55                           	psect	end_init,class=CODE,delta=2
    56                           	psect	clrtext,class=CODE,delta=2
    57  0004                     	FSR	set	4
    58                           	psect	strings,class=CODE,delta=2,reloc=256
    59                           
    60                           	psect	reset_vec
    61  0000                     reset_vec:
    62                           	; No powerup routine
    63                           	global start
    64                           
    65                           ; jump to start
    66  0000  280B               	goto	start & 0x7FF | (reset_vec & not 0x7FF)
    67                           
    68                           
    69                           
    70                           	psect	init
    71  000B                     start
    72  000B                     _exit
    73                           	psect	end_init
    74  000B  1683               	bsf	3,5
    75  000C  23FF               	fcall	___osccal_val
    76  000D  0090               movwf	0x90 ^ 0x80
    77  000E  0183               	clrf	STATUS
    78                           	global start_initialization
    79  000F  297F               	ljmp start_initialization	;jump to C runtime clear & initialization


HI-TECH Software PICC Macro Assembler V9.83 build 10920 
Symbol Table                                                                                               Thu Nov 20 21:28:38 2014

               _main 00CA                 _exit 000B                 start 000B                STATUS 0003  
       ___osccal_val 03FF  start_initialization 017F             intlevel0 0000             intlevel1 0000  
           intlevel2 0000             intlevel3 0000             intlevel4 0000             intlevel5 0000  
           reset_vec 0000  
