

HI-TECH Software PIC Macro Assembler V9.83 build 10920 
                                                                                                           Tue Jan 21 02:32:36 2014


     1                           
     2                           	; HI-TECH C Compiler for PIC10/12/16 MCUs V9.83
     3                           	; Copyright (C) 1984-2011 HI-TECH Software
     4                           	;Serial no. HCPICP-123456
     5                           
     6                           	; Auto-generated runtime startup code for final link stage.
     7                           
     8                           	;
     9                           	; Compiler options:
    10                           	;
    11                           	; -oNEC IR Receiver Repet Code Momentary ON.cof \
    12                           	; -mNEC IR Receiver Repet Code Momentary ON.map --summary=default \
    13                           	; --output=default main.p1 --chip=12F675 -P --runtime=default \
    14                           	; --opt=default -D__DEBUG=1 -g --asmlist \
    15                           	; --errformat=Error   [%n] %f; %l.%c %s --msgformat=Advisory[%n] %s \
    16                           	; --warnformat=Warning [%n] %f; %l.%c %s
    17                           	;
    18                           
    19                           
    20                           	processor	12F675
    21                           
    22                           	global	_main,start,_exit,reset_vec
    23                           	fnroot	_main
    24                           	psect	config,class=CONFIG,delta=2
    25                           	psect	idloc,class=IDLOC,delta=2
    26                           	psect	code,class=CODE,delta=2
    27                           	psect	powerup,class=CODE,delta=2
    28                           	psect	reset_vec,class=CODE,delta=2
    29                           	psect	maintext,class=CODE,delta=2
    30  0000                     	C	set	0
    31  0002                     	Z	set	2
    32  0002                     	PCL	set	2
    33  0000                     	INDF	set	0
    34                           
    35  0090                     	OSCCAL	equ	0x90
    36                           	psect	osccal,class=CODE,delta=2
    37                           global ___osccal_val
    38  03FF                     ___osccal_val:
    39                           	;oscillator constant would be pre-programmed here
    40  0003                     	STATUS	equ	3
    41  000A                     	PCLATH	equ	0Ah
    42                           
    43                           	psect	eeprom_data,class=EEDATA,delta=2,space=2
    44                           	psect	intentry,class=CODE,delta=2
    45                           	psect	functab,class=CODE,delta=2
    46                           	global	intlevel0,intlevel1,intlevel2, intlevel3, intlevel4, intlevel5
    47  0000                     intlevel0:
    48  0000                     intlevel1:
    49  0000                     intlevel2:
    50  0000                     intlevel3:
    51  0000                     intlevel4:
    52  0000                     intlevel5:
    53                           	psect	init,class=CODE,delta=2
    54                           	psect	cinit,class=CODE,delta=2
    55                           	psect	text,class=CODE,delta=2
    56                           	psect	end_init,class=CODE,delta=2
    57                           	psect	clrtext,class=CODE,delta=2
    58  0004                     	FSR	set	4
    59                           	psect	strings,class=CODE,delta=2,reloc=256
    60                           
    61                           	psect	reset_vec
    62  0000                     reset_vec:
    63                           	; No powerup routine
    64                           	global start
    65                           
    66                           ; jump to start
    67  0000  280B               	goto	start & 0x7FF | (reset_vec & not 0x7FF)
    68                           
    69                           
    70                           
    71                           	psect	init
    72  000B                     start
    73  000B                     _exit
    74                           	psect	end_init
    75  000B  1683               	bsf	3,5
    76  000C  23FF               	fcall	___osccal_val
    77  000D  0090               movwf	0x90 ^ 0x80
    78  000E  0183               	clrf	STATUS
    79                           	global start_initialization
    80  000F  299D               	ljmp start_initialization	;jump to C runtime clear & initialization


HI-TECH Software PICC Macro Assembler V9.83 build 10920 
Symbol Table                                                                                               Tue Jan 21 02:32:36 2014

               _main 0113                 _exit 000B                 start 000B                STATUS 0003  
       ___osccal_val 03FF  start_initialization 019D             intlevel0 0000             intlevel1 0000  
           intlevel2 0000             intlevel3 0000             intlevel4 0000             intlevel5 0000  
           reset_vec 0000  
